\BOOKMARK [1][-]{table.caption.2}{Table of Contents}{}% 1
\BOOKMARK [1][-]{section.1}{Introduction}{}% 2
\BOOKMARK [2][-]{subsection.1.1}{Purpose}{section.1}% 3
\BOOKMARK [2][-]{subsection.1.2}{Scope}{section.1}% 4
\BOOKMARK [3][-]{subsubsection.1.2.1}{Description of the given problem}{subsection.1.2}% 5
\BOOKMARK [2][-]{subsection.1.3}{Definitions, Acronyms, Abbreviations}{section.1}% 6
\BOOKMARK [3][-]{subsubsection.1.3.1}{Definitions}{subsection.1.3}% 7
\BOOKMARK [3][-]{subsubsection.1.3.2}{Acronyms}{subsection.1.3}% 8
\BOOKMARK [3][-]{subsubsection.1.3.3}{Abbreviations}{subsection.1.3}% 9
\BOOKMARK [2][-]{subsection.1.4}{Revision History}{section.1}% 10
\BOOKMARK [2][-]{subsection.1.5}{Reference Documents}{section.1}% 11
\BOOKMARK [2][-]{subsection.1.6}{Document Structure}{section.1}% 12
\BOOKMARK [1][-]{section.2}{Architectural Design}{}% 13
\BOOKMARK [2][-]{subsection.2.1}{Overview: High-level component and their interaction}{section.2}% 14
\BOOKMARK [2][-]{subsection.2.2}{Component view}{section.2}% 15
\BOOKMARK [2][-]{subsection.2.3}{Deployment view}{section.2}% 16
\BOOKMARK [2][-]{subsection.2.4}{Runtime view}{section.2}% 17
\BOOKMARK [2][-]{subsection.2.5}{Component interfaces}{section.2}% 18
\BOOKMARK [2][-]{subsection.2.6}{Selected architectural styles and patterns}{section.2}% 19
\BOOKMARK [2][-]{subsection.2.7}{Other design decisions}{section.2}% 20
\BOOKMARK [1][-]{section.3}{User Interface Design}{}% 21
\BOOKMARK [2][-]{subsection.3.1}{UX diagram}{section.3}% 22
\BOOKMARK [1][-]{section.4}{Requirements Traceability}{}% 23
\BOOKMARK [1][-]{section.5}{Implementation, Integration and Test Plan}{}% 24
\BOOKMARK [1][-]{section.6}{Effort Spent}{}% 25
\BOOKMARK [1][-]{section.7}{References}{}% 26
\BOOKMARK [2][-]{subsection.7.1}{lorem ipsum}{section.7}% 27
